<?xml version="1.0" encoding="UTF-8"?>
<!-- Generated by org.testng.reporters.JUnitReportReporter -->
<testsuite skipped="0" hostname="DESKTOP-6VL0V6I" name="Rest_HTTP_test_case.Contact_Object" tests="1" failures="0" timestamp="25 Jun 2019 00:09:18 GMT" time="0.004" errors="0">
  <testcase name="contactObjects" time="0.004" classname="Rest_HTTP_test_case.Contact_Object"/>
</testsuite> <!-- Rest_HTTP_test_case.Contact_Object -->
