<?xml version="1.0" encoding="UTF-8"?>
<!-- Generated by org.testng.reporters.JUnitReportReporter -->
<testsuite skipped="0" hostname="DESKTOP-6VL0V6I" name="Rest_HTTP_test_case.Contact_Object" tests="1" failures="0" timestamp="01 Jul 2019 23:09:03 GMT" time="3.406" errors="0">
  <testcase name="Update_ContactObjects" time="3.406" classname="Rest_HTTP_test_case.Contact_Object"/>
</testsuite> <!-- Rest_HTTP_test_case.Contact_Object -->
