<?xml version="1.0" encoding="UTF-8"?>
<!-- Generated by org.testng.reporters.JUnitReportReporter -->
<testsuite skipped="0" hostname="DESKTOP-6VL0V6I" name="Rest_HTTP_test_case.Contact_Object" tests="2" failures="0" timestamp="26 Jun 2019 21:45:48 GMT" time="2.184" errors="0">
  <testcase name="Create_ContactObjects" time="2.184" classname="Rest_HTTP_test_case.Contact_Object"/>
  <testcase name="Update_ContactObjects" time="0.000" classname="Rest_HTTP_test_case.Contact_Object"/>
</testsuite> <!-- Rest_HTTP_test_case.Contact_Object -->
