<?xml version="1.0" encoding="UTF-8"?>
<!-- Generated by org.testng.reporters.JUnitReportReporter -->
<testsuite skipped="3" hostname="DESKTOP-6VL0V6I" name="Rest_HTTP_test_case.Contact_Object" tests="4" failures="0" timestamp="09 Jul 2019 21:21:00 GMT" time="5.398" errors="0">
  <testcase name="checkDuplicates" time="5.398" classname="Rest_HTTP_test_case.Contact_Object"/>
  <testcase name="Create_ContactObjects" classname="Rest_HTTP_test_case.Contact_Object">
    <skipped/>
  </testcase> <!-- Create_ContactObjects -->
  <testcase name="Delete_ContactObject" classname="Rest_HTTP_test_case.Contact_Object">
    <skipped/>
  </testcase> <!-- Delete_ContactObject -->
  <testcase name="Update_ContactObjects" classname="Rest_HTTP_test_case.Contact_Object">
    <skipped/>
  </testcase> <!-- Update_ContactObjects -->
</testsuite> <!-- Rest_HTTP_test_case.Contact_Object -->
