<?xml version="1.0" encoding="UTF-8"?>
<!-- Generated by org.testng.reporters.JUnitReportReporter -->
<testsuite skipped="1" hostname="DESKTOP-6VL0V6I" name="Rest_HTTP_test_case.Contact_Object" tests="3" failures="0" timestamp="02 Jul 2019 19:54:40 GMT" time="4.915" errors="0">
  <testcase name="Update_ContactObjects" time="2.812" classname="Rest_HTTP_test_case.Contact_Object"/>
  <testcase name="Create_ContactObjects" time="2.103" classname="Rest_HTTP_test_case.Contact_Object"/>
  <testcase name="Delete_ContactObject" classname="Rest_HTTP_test_case.Contact_Object">
    <skipped/>
  </testcase> <!-- Delete_ContactObject -->
</testsuite> <!-- Rest_HTTP_test_case.Contact_Object -->
