<?xml version="1.0" encoding="UTF-8"?>
<!-- Generated by org.testng.reporters.JUnitReportReporter -->
<testsuite skipped="0" hostname="DESKTOP-6VL0V6I" name="Rest_HTTP_test_case.Contact_Object" tests="1" failures="0" timestamp="25 Jun 2019 22:19:23 GMT" time="1.955" errors="0">
  <testcase name="Create_ContactObjects" time="1.955" classname="Rest_HTTP_test_case.Contact_Object"/>
</testsuite> <!-- Rest_HTTP_test_case.Contact_Object -->
